0 verbose cli /usr/bin/node /usr/bin/npm
1 info using npm@8.19.2
2 info using node@v18.10.0
3 timing npm:load:whichnode Completed in 2ms
4 timing config:load:defaults Completed in 2ms
5 timing config:load:file:/usr/lib/node_modules/npm/npmrc Completed in 1ms
6 timing config:load:builtin Completed in 2ms
7 timing config:load:cli Completed in 3ms
8 timing config:load:env Completed in 0ms
9 timing config:load:file:/home/ryuvi/Documents/pomodoro/.npmrc Completed in 0ms
10 timing config:load:project Completed in 16ms
11 timing config:load:file:/home/ryuvi/.npmrc Completed in 0ms
12 timing config:load:user Completed in 0ms
13 timing config:load:file:/usr/etc/npmrc Completed in 26ms
14 timing config:load:global Completed in 27ms
15 timing config:load:validate Completed in 1ms
16 timing config:load:credentials Completed in 5ms
17 timing config:load:setEnvs Completed in 5ms
18 timing config:load Completed in 63ms
19 timing npm:load:configload Completed in 63ms
20 timing npm:load:mkdirpcache Completed in 17ms
21 timing npm:load:mkdirplogs Completed in 6ms
22 verbose title npm config get prefix
23 verbose argv "config" "get" "prefix"
24 timing npm:load:setTitle Completed in 4ms
25 timing config:load:flatten Completed in 6ms
26 timing npm:load:display Completed in 8ms
27 verbose logfile logs-max:10 dir:/home/ryuvi/.npm/_logs
28 verbose logfile /home/ryuvi/.npm/_logs/2022-10-04T16_09_29_234Z-debug-0.log
29 timing npm:load:logFile Completed in 30ms
30 timing npm:load:timers Completed in 0ms
31 timing npm:load:configScope Completed in 0ms
32 timing npm:load Completed in 133ms
33 timing command:config Completed in 13ms
34 verbose exit 0
35 timing npm Completed in 213ms
36 info ok
